# JRE version: OpenJDK Runtime Environment (8.0_152-b02) (build 1.8.0_152-release-1024-b02)
# Java VM: OpenJDK 64-Bit Server VM (25.152-b02 mixed mode windows-amd64 compressed oops)
Heap:
 PSYoungGen      total 444928K, used 157805K [0x000000076ab00000, 0x000000078c900000, 0x00000007c0000000)
  eden space 357888K, 37% used [0x000000076ab00000,0x0000000772ca6ce8,0x0000000780880000)
  from space 87040K, 28% used [0x0000000780880000,0x00000007820f4900,0x0000000785d80000)
  to   space 62976K, 0% used [0x0000000785d80000,0x0000000785d80000,0x0000000789b00000)
 ParOldGen       total 359424K, used 298036K [0x00000006c0000000, 0x00000006d5f00000, 0x000000076ab00000)
  object space 359424K, 82% used [0x00000006c0000000,0x00000006d230d258,0x00000006d5f00000)
 Metaspace       used 67397K, capacity 69388K, committed 69720K, reserved 1110016K
  class space    used 8749K, capacity 9258K, committed 9344K, reserved 1048576K
GC Heap History (10 events):
Event: 90.820 GC heap before
{Heap before GC invocations=29 (full 3):
 PSYoungGen      total 310272K, used 289398K [0x000000076ab00000, 0x0000000783800000, 0x00000007c0000000)
  eden space 269312K, 100% used [0x000000076ab00000,0x000000077b200000,0x000000077b200000)
  from space 40960K, 49% used [0x000000077b200000,0x000000077c59d888,0x000000077da00000)
  to   space 39424K, 0% used [0x0000000781180000,0x0000000781180000,0x0000000783800000)
 ParOldGen       total 205824K, used 107981K [0x00000006c0000000, 0x00000006cc900000, 0x000000076ab00000)
  object space 205824K, 52% used [0x00000006c0000000,0x00000006c6973528,0x00000006cc900000)
 Metaspace       used 60665K, capacity 62790K, committed 62936K, reserved 1103872K
  class space    used 8105K, capacity 8617K, committed 8704K, reserved 1048576K
Event: 90.877 GC heap after
Heap after GC invocations=29 (full 3):
 PSYoungGen      total 354816K, used 20030K [0x000000076ab00000, 0x0000000783080000, 0x00000007c0000000)
  eden space 323072K, 0% used [0x000000076ab00000,0x000000076ab00000,0x000000077e680000)
  from space 31744K, 63% used [0x0000000781180000,0x000000078250f888,0x0000000783080000)
  to   space 37888K, 0% used [0x000000077e680000,0x000000077e680000,0x0000000780b80000)
 ParOldGen       total 205824K, used 125083K [0x00000006c0000000, 0x00000006cc900000, 0x000000076ab00000)
  object space 205824K, 60% used [0x00000006c0000000,0x00000006c7a26fd0,0x00000006cc900000)
 Metaspace       used 60665K, capacity 62790K, committed 62936K, reserved 1103872K
  class space    used 8105K, capacity 8617K, committed 8704K, reserved 1048576K
}
Event: 162.652 GC heap before
{Heap before GC invocations=30 (full 3):
 PSYoungGen      total 354816K, used 343102K [0x000000076ab00000, 0x0000000783080000, 0x00000007c0000000)
  eden space 323072K, 100% used [0x000000076ab00000,0x000000077e680000,0x000000077e680000)
  from space 31744K, 63% used [0x0000000781180000,0x000000078250f888,0x0000000783080000)
  to   space 37888K, 0% used [0x000000077e680000,0x000000077e680000,0x0000000780b80000)
 ParOldGen       total 205824K, used 125083K [0x00000006c0000000, 0x00000006cc900000, 0x000000076ab00000)
  object space 205824K, 60% used [0x00000006c0000000,0x00000006c7a26fd0,0x00000006cc900000)
 Metaspace       used 64883K, capacity 66892K, committed 67032K, reserved 1107968K
  class space    used 8631K, capacity 9130K, committed 9216K, reserved 1048576K
Event: 162.799 GC heap after
Heap after GC invocations=30 (full 3):
 PSYoungGen      total 360960K, used 37881K [0x000000076ab00000, 0x0000000789b00000, 0x00000007c0000000)
  eden space 323072K, 0% used [0x000000076ab00000,0x000000076ab00000,0x000000077e680000)
  from space 37888K, 99% used [0x000000077e680000,0x0000000780b7e4a8,0x0000000780b80000)
  to   space 62976K, 0% used [0x0000000785d80000,0x0000000785d80000,0x0000000789b00000)
 ParOldGen       total 205824K, used 179361K [0x00000006c0000000, 0x00000006cc900000, 0x000000076ab00000)
  object space 205824K, 87% used [0x00000006c0000000,0x00000006caf285e0,0x00000006cc900000)
 Metaspace       used 64883K, capacity 66892K, committed 67032K, reserved 1107968K
  class space    used 8631K, capacity 9130K, committed 9216K, reserved 1048576K
}
Event: 162.799 GC heap before
{Heap before GC invocations=31 (full 4):
 PSYoungGen      total 360960K, used 37881K [0x000000076ab00000, 0x0000000789b00000, 0x00000007c0000000)
  eden space 323072K, 0% used [0x000000076ab00000,0x000000076ab00000,0x000000077e680000)
  from space 37888K, 99% used [0x000000077e680000,0x0000000780b7e4a8,0x0000000780b80000)
  to   space 62976K, 0% used [0x0000000785d80000,0x0000000785d80000,0x0000000789b00000)
 ParOldGen       total 205824K, used 179361K [0x00000006c0000000, 0x00000006cc900000, 0x000000076ab00000)
  object space 205824K, 87% used [0x00000006c0000000,0x00000006caf285e0,0x00000006cc900000)
 Metaspace       used 64883K, capacity 66892K, committed 67032K, reserved 1107968K
  class space    used 8631K, capacity 9130K, committed 9216K, reserved 1048576K
Event: 164.423 GC heap after
Heap after GC invocations=31 (full 4):
 PSYoungGen      total 360960K, used 2530K [0x000000076ab00000, 0x0000000789b00000, 0x00000007c0000000)
  eden space 323072K, 0% used [0x000000076ab00000,0x000000076ab00000,0x000000077e680000)
  from space 37888K, 6% used [0x000000077e680000,0x000000077e8f8880,0x0000000780b80000)
  to   space 62976K, 0% used [0x0000000785d80000,0x0000000785d80000,0x0000000789b00000)
 ParOldGen       total 359424K, used 205783K [0x00000006c0000000, 0x00000006d5f00000, 0x000000076ab00000)
  object space 359424K, 57% used [0x00000006c0000000,0x00000006cc8f5fc8,0x00000006d5f00000)
 Metaspace       used 64883K, capacity 66892K, committed 67032K, reserved 1107968K
  class space    used 8631K, capacity 9130K, committed 9216K, reserved 1048576K
}
Event: 172.981 GC heap before
{Heap before GC invocations=32 (full 4):
 PSYoungGen      total 360960K, used 325602K [0x000000076ab00000, 0x0000000789b00000, 0x00000007c0000000)
  eden space 323072K, 100% used [0x000000076ab00000,0x000000077e680000,0x000000077e680000)
  from space 37888K, 6% used [0x000000077e680000,0x000000077e8f8880,0x0000000780b80000)
  to   space 62976K, 0% used [0x0000000785d80000,0x0000000785d80000,0x0000000789b00000)
 ParOldGen       total 359424K, used 205783K [0x00000006c0000000, 0x00000006d5f00000, 0x000000076ab00000)
  object space 359424K, 57% used [0x00000006c0000000,0x00000006cc8f5fc8,0x00000006d5f00000)
 Metaspace       used 65524K, capacity 67564K, committed 67800K, reserved 1107968K
  class space    used 8654K, capacity 9162K, committed 9216K, reserved 1048576K
Event: 173.170 GC heap after
Heap after GC invocations=32 (full 4):
 PSYoungGen      total 420864K, used 62972K [0x000000076ab00000, 0x000000078c900000, 0x00000007c0000000)
  eden space 357888K, 0% used [0x000000076ab00000,0x000000076ab00000,0x0000000780880000)
  from space 62976K, 99% used [0x0000000785d80000,0x0000000789aff208,0x0000000789b00000)
  to   space 87040K, 0% used [0x0000000780880000,0x0000000780880000,0x0000000785d80000)
 ParOldGen       total 359424K, used 244400K [0x00000006c0000000, 0x00000006d5f00000, 0x000000076ab00000)
  object space 359424K, 67% used [0x00000006c0000000,0x00000006ceeac170,0x00000006d5f00000)
 Metaspace       used 65524K, capacity 67564K, committed 67800K, reserved 1107968K
  class space    used 8654K, capacity 9162K, committed 9216K, reserved 1048576K
}
Event: 188.187 GC heap before
{Heap before GC invocations=33 (full 4):
 PSYoungGen      total 420864K, used 420860K [0x000000076ab00000, 0x000000078c900000, 0x00000007c0000000)
  eden space 357888K, 100% used [0x000000076ab00000,0x0000000780880000,0x0000000780880000)
  from space 62976K, 99% used [0x0000000785d80000,0x0000000789aff208,0x0000000789b00000)
  to   space 87040K, 0% used [0x0000000780880000,0x0000000780880000,0x0000000785d80000)
 ParOldGen       total 359424K, used 244400K [0x00000006c0000000, 0x00000006d5f00000, 0x000000076ab00000)
  object space 359424K, 67% used [0x00000006c0000000,0x00000006ceeac170,0x00000006d5f00000)
 Metaspace       used 67295K, capacity 69292K, committed 69464K, reserved 1110016K
  class space    used 8743K, capacity 9226K, committed 9344K, reserved 1048576K
Event: 188.383 GC heap after
Heap after GC invocations=33 (full 4):
 PSYoungGen      total 444928K, used 25042K [0x000000076ab00000, 0x000000078c900000, 0x00000007c0000000)
  eden space 357888K, 0% used [0x000000076ab00000,0x000000076ab00000,0x0000000780880000)
  from space 87040K, 28% used [0x0000000780880000,0x00000007820f4900,0x0000000785d80000)
  to   space 62976K, 0% used [0x0000000785d80000,0x0000000785d80000,0x0000000789b00000)
 ParOldGen       total 359424K, used 298036K [0x00000006c0000000, 0x00000006d5f00000, 0x000000076ab00000)
  object space 359424K, 82% used [0x00000006c0000000,0x00000006d230d258,0x00000006d5f00000)
 Metaspace       used 67295K, capacity 69292K, committed 69464K, reserved 1110016K
  class space    used 8743K, capacity 9226K, committed 9344K, reserved 1048576K
}

