# JRE version: OpenJDK Runtime Environment (8.0_152-b02) (build 1.8.0_152-release-1024-b02)
# Java VM: OpenJDK 64-Bit Server VM (25.152-b02 mixed mode windows-amd64 compressed oops)
Heap:
 PSYoungGen      total 634880K, used 218426K [0x000000076ab00000, 0x00000007ab080000, 0x00000007c0000000)
  eden space 458240K, 47% used [0x000000076ab00000,0x000000077804e9f0,0x0000000786a80000)
  from space 176640K, 0% used [0x0000000796200000,0x0000000796200000,0x00000007a0e80000)
  to   space 253440K, 0% used [0x0000000786a80000,0x0000000786a80000,0x0000000796200000)
 ParOldGen       total 378368K, used 331717K [0x00000006c0000000, 0x00000006d7180000, 0x000000076ab00000)
  object space 378368K, 87% used [0x00000006c0000000,0x00000006d43f14a0,0x00000006d7180000)
 Metaspace       used 83218K, capacity 86532K, committed 86744K, reserved 1124352K
  class space    used 10276K, capacity 10979K, committed 11008K, reserved 1048576K
GC Heap History (10 events):
Event: 1777.826 GC heap before
{Heap before GC invocations=101 (full 35):
 PSYoungGen      total 634880K, used 176629K [0x000000076ab00000, 0x00000007ab080000, 0x00000007c0000000)
  eden space 458240K, 0% used [0x000000076ab00000,0x000000076ab00000,0x0000000786a80000)
  from space 176640K, 99% used [0x0000000796200000,0x00000007a0e7d4a0,0x00000007a0e80000)
  to   space 253440K, 0% used [0x0000000786a80000,0x0000000786a80000,0x0000000796200000)
 ParOldGen       total 378368K, used 377879K [0x00000006c0000000, 0x00000006d7180000, 0x000000076ab00000)
  object space 378368K, 99% used [0x00000006c0000000,0x00000006d7105db8,0x00000006d7180000)
 Metaspace       used 82835K, capacity 86138K, committed 86232K, reserved 1124352K
  class space    used 10256K, capacity 10968K, committed 11008K, reserved 1048576K
Event: 1781.377 GC heap after
Heap after GC invocations=101 (full 35):
 PSYoungGen      total 634880K, used 0K [0x000000076ab00000, 0x00000007ab080000, 0x00000007c0000000)
  eden space 458240K, 0% used [0x000000076ab00000,0x000000076ab00000,0x0000000786a80000)
  from space 176640K, 0% used [0x0000000796200000,0x0000000796200000,0x00000007a0e80000)
  to   space 253440K, 0% used [0x0000000786a80000,0x0000000786a80000,0x0000000796200000)
 ParOldGen       total 378368K, used 362947K [0x00000006c0000000, 0x00000006d7180000, 0x000000076ab00000)
  object space 378368K, 95% used [0x00000006c0000000,0x00000006d6270cc0,0x00000006d7180000)
 Metaspace       used 82835K, capacity 86138K, committed 86232K, reserved 1124352K
  class space    used 10256K, capacity 10968K, committed 11008K, reserved 1048576K
}
Event: 1785.675 GC heap before
{Heap before GC invocations=102 (full 36):
 PSYoungGen      total 634880K, used 458240K [0x000000076ab00000, 0x00000007ab080000, 0x00000007c0000000)
  eden space 458240K, 100% used [0x000000076ab00000,0x0000000786a80000,0x0000000786a80000)
  from space 176640K, 0% used [0x0000000796200000,0x0000000796200000,0x00000007a0e80000)
  to   space 253440K, 0% used [0x0000000786a80000,0x0000000786a80000,0x0000000796200000)
 ParOldGen       total 378368K, used 362947K [0x00000006c0000000, 0x00000006d7180000, 0x000000076ab00000)
  object space 378368K, 95% used [0x00000006c0000000,0x00000006d6270cc0,0x00000006d7180000)
 Metaspace       used 82915K, capacity 86162K, committed 86232K, reserved 1124352K
  class space    used 10260K, capacity 10972K, committed 11008K, reserved 1048576K
Event: 1788.115 GC heap after
Heap after GC invocations=102 (full 36):
 PSYoungGen      total 634880K, used 50561K [0x000000076ab00000, 0x00000007ab080000, 0x00000007c0000000)
  eden space 458240K, 11% used [0x000000076ab00000,0x000000076dc60418,0x0000000786a80000)
  from space 176640K, 0% used [0x0000000796200000,0x0000000796200000,0x00000007a0e80000)
  to   space 253440K, 0% used [0x0000000786a80000,0x0000000786a80000,0x0000000796200000)
 ParOldGen       total 378368K, used 378231K [0x00000006c0000000, 0x00000006d7180000, 0x000000076ab00000)
  object space 378368K, 99% used [0x00000006c0000000,0x00000006d715dec0,0x00000006d7180000)
 Metaspace       used 82915K, capacity 86162K, committed 86232K, reserved 1124352K
  class space    used 10260K, capacity 10972K, committed 11008K, reserved 1048576K
}
Event: 1790.477 GC heap before
{Heap before GC invocations=103 (full 37):
 PSYoungGen      total 634880K, used 458240K [0x000000076ab00000, 0x00000007ab080000, 0x00000007c0000000)
  eden space 458240K, 100% used [0x000000076ab00000,0x0000000786a80000,0x0000000786a80000)
  from space 176640K, 0% used [0x0000000796200000,0x0000000796200000,0x00000007a0e80000)
  to   space 253440K, 0% used [0x0000000786a80000,0x0000000786a80000,0x0000000796200000)
 ParOldGen       total 378368K, used 378231K [0x00000006c0000000, 0x00000006d7180000, 0x000000076ab00000)
  object space 378368K, 99% used [0x00000006c0000000,0x00000006d715dec0,0x00000006d7180000)
 Metaspace       used 82963K, capacity 86252K, committed 86488K, reserved 1124352K
  class space    used 10264K, capacity 10977K, committed 11008K, reserved 1048576K
Event: 1791.904 GC heap after
Heap after GC invocations=103 (full 37):
 PSYoungGen      total 634880K, used 0K [0x000000076ab00000, 0x00000007ab080000, 0x00000007c0000000)
  eden space 458240K, 0% used [0x000000076ab00000,0x000000076ab00000,0x0000000786a80000)
  from space 176640K, 0% used [0x0000000796200000,0x0000000796200000,0x00000007a0e80000)
  to   space 253440K, 0% used [0x0000000786a80000,0x0000000786a80000,0x0000000796200000)
 ParOldGen       total 378368K, used 327921K [0x00000006c0000000, 0x00000006d7180000, 0x000000076ab00000)
  object space 378368K, 86% used [0x00000006c0000000,0x00000006d403c7b8,0x00000006d7180000)
 Metaspace       used 82961K, capacity 86250K, committed 86488K, reserved 1124352K
  class space    used 10263K, capacity 10976K, committed 11008K, reserved 1048576K
}
Event: 1793.882 GC heap before
{Heap before GC invocations=104 (full 38):
 PSYoungGen      total 634880K, used 458240K [0x000000076ab00000, 0x00000007ab080000, 0x00000007c0000000)
  eden space 458240K, 100% used [0x000000076ab00000,0x0000000786a80000,0x0000000786a80000)
  from space 176640K, 0% used [0x0000000796200000,0x0000000796200000,0x00000007a0e80000)
  to   space 253440K, 0% used [0x0000000786a80000,0x0000000786a80000,0x0000000796200000)
 ParOldGen       total 378368K, used 327921K [0x00000006c0000000, 0x00000006d7180000, 0x000000076ab00000)
  object space 378368K, 86% used [0x00000006c0000000,0x00000006d403c7b8,0x00000006d7180000)
 Metaspace       used 82961K, capacity 86250K, committed 86488K, reserved 1124352K
  class space    used 10263K, capacity 10976K, committed 11008K, reserved 1048576K
Event: 1794.759 GC heap after
Heap after GC invocations=104 (full 38):
 PSYoungGen      total 634880K, used 0K [0x000000076ab00000, 0x00000007ab080000, 0x00000007c0000000)
  eden space 458240K, 0% used [0x000000076ab00000,0x000000076ab00000,0x0000000786a80000)
  from space 176640K, 0% used [0x0000000796200000,0x0000000796200000,0x00000007a0e80000)
  to   space 253440K, 0% used [0x0000000786a80000,0x0000000786a80000,0x0000000796200000)
 ParOldGen       total 378368K, used 329719K [0x00000006c0000000, 0x00000006d7180000, 0x000000076ab00000)
  object space 378368K, 87% used [0x00000006c0000000,0x00000006d41fdef0,0x00000006d7180000)
 Metaspace       used 82961K, capacity 86250K, committed 86488K, reserved 1124352K
  class space    used 10263K, capacity 10976K, committed 11008K, reserved 1048576K
}
Event: 1795.869 GC heap before
{Heap before GC invocations=105 (full 39):
 PSYoungGen      total 634880K, used 458240K [0x000000076ab00000, 0x00000007ab080000, 0x00000007c0000000)
  eden space 458240K, 100% used [0x000000076ab00000,0x0000000786a80000,0x0000000786a80000)
  from space 176640K, 0% used [0x0000000796200000,0x0000000796200000,0x00000007a0e80000)
  to   space 253440K, 0% used [0x0000000786a80000,0x0000000786a80000,0x0000000796200000)
 ParOldGen       total 378368K, used 329719K [0x00000006c0000000, 0x00000006d7180000, 0x000000076ab00000)
  object space 378368K, 87% used [0x00000006c0000000,0x00000006d41fdef0,0x00000006d7180000)
 Metaspace       used 82961K, capacity 86250K, committed 86488K, reserved 1124352K
  class space    used 10263K, capacity 10976K, committed 11008K, reserved 1048576K
Event: 1796.695 GC heap after
Heap after GC invocations=105 (full 39):
 PSYoungGen      total 634880K, used 0K [0x000000076ab00000, 0x00000007ab080000, 0x00000007c0000000)
  eden space 458240K, 0% used [0x000000076ab00000,0x000000076ab00000,0x0000000786a80000)
  from space 176640K, 0% used [0x0000000796200000,0x0000000796200000,0x00000007a0e80000)
  to   space 253440K, 0% used [0x0000000786a80000,0x0000000786a80000,0x0000000796200000)
 ParOldGen       total 378368K, used 331717K [0x00000006c0000000, 0x00000006d7180000, 0x000000076ab00000)
  object space 378368K, 87% used [0x00000006c0000000,0x00000006d43f14a0,0x00000006d7180000)
 Metaspace       used 82961K, capacity 86250K, committed 86488K, reserved 1124352K
  class space    used 10263K, capacity 10976K, committed 11008K, reserved 1048576K
}

